<?xml version="1.0" encoding="UTF-8"?>
<!-- Generated by org.testng.reporters.JUnitReportReporter -->
<testsuite hostname="LAPTOP-V1VAL2QI" failures="0" tests="1" name="TestCases.specialTrain" time="69.384" errors="0" timestamp="12 Jan 2021 16:34:45 GMT" skipped="0">
  <testcase classname="TestCases.specialTrain" name="specialTrainBooking" time="69.384"/>
</testsuite> <!-- TestCases.specialTrain -->
