<?xml version="1.0" encoding="UTF-8"?>
<!-- Generated by org.testng.reporters.JUnitReportReporter -->
<testsuite hostname="LAPTOP-V1VAL2QI" failures="0" tests="1" name="TestCases.flightBooking" time="33.620" errors="0" timestamp="24 Jan 2021 17:33:14 GMT" skipped="0">
  <testcase classname="TestCases.flightBooking" name="flightBook" time="33.620"/>
</testsuite> <!-- TestCases.flightBooking -->
