<?xml version="1.0" encoding="UTF-8"?>
<!-- Generated by org.testng.reporters.JUnitReportReporter -->
<testsuite hostname="LAPTOP-V1VAL2QI" failures="0" tests="1" name="TestCases.loginInvalidTC" time="30.723" errors="0" timestamp="29 Jan 2021 09:36:36 GMT" skipped="0">
  <testcase classname="TestCases.loginInvalidTC" name="basePageNavigation" time="30.723"/>
</testsuite> <!-- TestCases.loginInvalidTC -->
