<?xml version="1.0" encoding="UTF-8"?>
<!-- Generated by org.testng.reporters.JUnitReportReporter -->
<testsuite hostname="LAPTOP-V1VAL2QI" failures="0" tests="1" name="TestCases.hotelBooking" time="78.304" errors="0" timestamp="01 Feb 2021 07:35:59 GMT" skipped="0">
  <testcase classname="TestCases.hotelBooking" name="hotelBook" time="78.304"/>
</testsuite> <!-- TestCases.hotelBooking -->
