<?xml version="1.0" encoding="UTF-8"?>
<!-- Generated by org.testng.reporters.JUnitReportReporter -->
<testsuite hostname="LAPTOP-V1VAL2QI" failures="0" tests="1" name="TestCases.flightRoundtrip" time="231.330" errors="0" timestamp="01 Feb 2021 07:47:08 GMT" skipped="0">
  <testcase classname="TestCases.flightRoundtrip" name="FlightRoundtrip" time="231.330"/>
</testsuite> <!-- TestCases.flightRoundtrip -->
