<?xml version="1.0" encoding="UTF-8"?>
<!-- Generated by org.testng.reporters.JUnitReportReporter -->
<testsuite hostname="LAPTOP-V1VAL2QI" failures="0" tests="1" name="TestCases.packageBooking" time="69.561" errors="0" timestamp="01 Feb 2021 08:48:31 GMT" skipped="0">
  <testcase classname="TestCases.packageBooking" name="packageBook" time="69.561"/>
</testsuite> <!-- TestCases.packageBooking -->
