<?xml version="1.0" encoding="UTF-8"?>
<!-- Generated by org.testng.reporters.JUnitReportReporter -->
<testsuite hostname="LAPTOP-V1VAL2QI" failures="0" tests="2" name="Assignment.E2E.IRCTC.loginTestCase" time="70.662" errors="0" timestamp="01 Jan 2021 12:21:27 GMT" skipped="0">
  <testcase classname="Assignment.E2E.IRCTC.loginTestCase" name="basePageNavigation" time="39.881"/>
  <testcase classname="Assignment.E2E.IRCTC.loginTestCase" name="basePageNavigation" time="30.781"/>
</testsuite> <!-- Assignment.E2E.IRCTC.loginTestCase -->
