<?xml version="1.0" encoding="UTF-8"?>
<!-- Generated by org.testng.reporters.JUnitReportReporter -->
<testsuite hostname="LAPTOP-V1VAL2QI" failures="0" tests="2" name="TestCases.trainScheduleTC" time="32.840" errors="0" timestamp="22 Jan 2021 11:53:40 GMT" skipped="0">
  <testcase classname="TestCases.trainScheduleTC" name="trainSchedule" time="10.161"/>
  <testcase classname="TestCases.trainScheduleTC" name="trainSchedule" time="22.679"/>
</testsuite> <!-- TestCases.trainScheduleTC -->
