<?xml version="1.0" encoding="UTF-8"?>
<!-- Generated by org.testng.reporters.JUnitReportReporter -->
<testsuite hostname="LAPTOP-V1VAL2QI" failures="0" tests="1" name="TestCases.tatkalTicket" time="113.338" errors="0" timestamp="01 Feb 2021 08:11:17 GMT" skipped="0">
  <testcase classname="TestCases.tatkalTicket" name="bookTicket" time="113.338"/>
</testsuite> <!-- TestCases.tatkalTicket -->
