<?xml version="1.0" encoding="UTF-8"?>
<!-- Generated by org.testng.reporters.JUnitReportReporter -->
<testsuite hostname="LAPTOP-V1VAL2QI" failures="0" tests="1" name="Assignment.E2E.IRCTC.demoTest" time="22.520" errors="0" timestamp="02 Jan 2021 15:18:27 GMT" skipped="0">
  <testcase classname="Assignment.E2E.IRCTC.demoTest" name="initialize" time="22.520"/>
</testsuite> <!-- Assignment.E2E.IRCTC.demoTest -->
