<?xml version="1.0" encoding="UTF-8"?>
<!-- Generated by org.testng.reporters.JUnitReportReporter -->
<testsuite hostname="LAPTOP-V1VAL2QI" failures="0" tests="2" name="TestCases.trainTrackTC" time="0.000" errors="0" timestamp="20 Jan 2021 09:45:49 GMT" skipped="2">
  <testcase classname="TestCases.trainTrackTC" name="trainTracking" time="0.000">
    <skipped/>
  </testcase> <!-- trainTracking -->
  <testcase classname="TestCases.trainTrackTC" name="trainTracking" time="0.000">
    <skipped/>
  </testcase> <!-- trainTracking -->
</testsuite> <!-- TestCases.trainTrackTC -->
