<?xml version="1.0" encoding="UTF-8"?>
<!-- Generated by org.testng.reporters.JUnitReportReporter -->
<testsuite hostname="LAPTOP-V1VAL2QI" failures="0" tests="1" name="Assignment.E2E.IRCTC.ticketBooking" time="60.884" errors="0" timestamp="03 Jan 2021 17:59:20 GMT" skipped="0">
  <testcase classname="Assignment.E2E.IRCTC.ticketBooking" name="bookTicket" time="60.884"/>
</testsuite> <!-- Assignment.E2E.IRCTC.ticketBooking -->
